<?xml version="1.0" encoding="UTF-8"?>
<!-- Generated by org.testng.reporters.JUnitReportReporter -->
<testsuite hostname="admin-PC" name="Testng.Demo2" tests="1" failures="0" timestamp="22 Jan 2020 08:05:01 GMT" time="0.002" errors="0">
  <testcase name="Test2" time="0.002" classname="Testng.Demo2"/>
</testsuite> <!-- Testng.Demo2 -->
