<?xml version="1.0" encoding="UTF-8"?>
<!-- Generated by org.testng.reporters.JUnitReportReporter -->
<testsuite hostname="admin-PC" name="Automation.Perform" tests="1" failures="0" timestamp="21 Jan 2020 07:21:27 GMT" time="17.025" errors="0">
  <testcase name="Login" time="17.025" classname="Automation.Perform"/>
</testsuite> <!-- Automation.Perform -->
