<?xml version="1.0" encoding="UTF-8"?>
<!-- Generated by org.testng.reporters.JUnitReportReporter -->
<testsuite hostname="admin-PC" name="Automation.Firefox" tests="4" failures="0" timestamp="21 Jan 2020 06:29:33 GMT" time="0.026" errors="0">
  <testcase name="test" time="0.002" classname="Automation.Firefox"/>
  <testcase name="test" time="0.017" classname="Automation.Firefox"/>
  <testcase name="test" time="0.003" classname="Automation.Firefox"/>
  <testcase name="test" time="0.004" classname="Automation.Firefox"/>
</testsuite> <!-- Automation.Firefox -->
