<?xml version="1.0" encoding="UTF-8"?>
<!-- Generated by org.testng.reporters.JUnitReportReporter -->
<testsuite hostname="admin-PC" name="Testng.Demo1" tests="2" failures="0" timestamp="22 Jan 2020 08:15:23 GMT" time="0.021" errors="0">
  <testcase name="Test2" time="0.004" classname="Testng.Demo1"/>
  <testcase name="Test3" time="0.017" classname="Testng.Demo1"/>
</testsuite> <!-- Testng.Demo1 -->
